Thu May 17 2018 19:58:53 GMT+0200 (Közép-európai nyári idő ) GET url: /login
Thu May 17 2018 19:59:03 GMT+0200 (Közép-európai nyári idő ) GET url: /login
Thu May 17 2018 19:59:04 GMT+0200 (Közép-európai nyári idő ) GET url: /login
Thu May 17 2018 19:59:05 GMT+0200 (Közép-európai nyári idő ) GET url: /login
Thu May 17 2018 19:59:07 GMT+0200 (Közép-európai nyári idő ) GET url: /login
Thu May 17 2018 20:00:43 GMT+0200 (Közép-európai nyári idő ) GET url: /login
Thu May 17 2018 20:11:23 GMT+0200 (Közép-európai nyári idő ) GET url: /login
Thu May 17 2018 20:11:31 GMT+0200 (Közép-európai nyári idő ) GET url: /api/products
Thu May 17 2018 20:11:37 GMT+0200 (Közép-európai nyári idő ) GET url: /api/login
Thu May 17 2018 20:11:45 GMT+0200 (Közép-európai nyári idő ) GET url: /login
Thu May 17 2018 20:11:46 GMT+0200 (Közép-európai nyári idő ) GET url: /login
Thu May 17 2018 20:11:53 GMT+0200 (Közép-európai nyári idő ) POST url: /login
Thu May 17 2018 20:12:01 GMT+0200 (Közép-európai nyári idő ) GET url: /api/products
Thu May 17 2018 20:12:27 GMT+0200 (Közép-európai nyári idő ) GET url: /api/products
Thu May 17 2018 20:13:01 GMT+0200 (Közép-európai nyári idő ) GET url: /api/products
Thu May 17 2018 20:17:33 GMT+0200 (Közép-európai nyári idő ) GET url: /api/products/1
Thu May 17 2018 20:17:54 GMT+0200 (Közép-európai nyári idő ) GET url: /api/products/1
Thu May 17 2018 20:18:13 GMT+0200 (Közép-európai nyári idő ) GET url: /api/products/1
Thu May 17 2018 20:18:22 GMT+0200 (Közép-európai nyári idő ) GET url: /api/products/1
Fri May 18 2018 08:21:47 GMT+0200 (Közép-európai nyári idő ) GET url: /
Fri May 18 2018 08:21:47 GMT+0200 (Közép-európai nyári idő ) GET url: /favicon.ico
Fri May 18 2018 08:21:56 GMT+0200 (Közép-európai nyári idő ) GET url: /login
Fri May 18 2018 08:22:04 GMT+0200 (Közép-európai nyári idő ) POST url: /login
Fri May 18 2018 08:22:08 GMT+0200 (Közép-európai nyári idő ) GET url: /
Fri May 18 2018 08:22:36 GMT+0200 (Közép-európai nyári idő ) GET url: /api/products
Fri May 18 2018 08:23:18 GMT+0200 (Közép-európai nyári idő ) GET url: /api/products/1
